<?xml version="1.0" encoding="UTF-8"?>
<!-- Generated by org.testng.reporters.JUnitXMLReporter -->
<testsuite hostname="LAPTOP-45EGUCLU" name="Test" tests="3" failures="0" timestamp="12 May 2021 06:01:57 GMT" time="45.753" errors="0">
  <testcase name="getHospitalNames" time="25.754" classname="RunTest.TestClass"/>
  <testcase name="Diagnosticpage" time="5.177" classname="RunTest.TestClass"/>
  <testcase name="CopWelleness" time="14.427" classname="RunTest.TestClass"/>
</testsuite> <!-- Test -->
